2022-05-30 07:38:03,908 :INFO : Test Login :*****Test_001_Login*****
2022-05-30 07:38:03,909 :INFO : Test Login :*****Starting test*****
2022-05-30 07:38:03,909 :INFO : Test Login :*****Verifiying title*****
2022-05-30 07:38:05,324 :INFO : Test Login :*****Title test passed*****
2022-05-30 07:38:06,991 :INFO : Test Login :********Test_001_login********
2022-05-30 07:38:06,992 :INFO : Test Login :*****Starting test*****
2022-05-30 07:38:06,992 :INFO : Test Login :*****Verifiying Log in credentials*****
2022-05-30 07:38:07,870 :INFO : Test Login :Pass
2022-05-30 07:38:10,170 :INFO : Test Login :Fail
2022-05-30 07:38:10,341 :INFO : Test Login :Fail
2022-05-30 07:38:10,612 :INFO : Test Login :Pass
2022-05-30 07:38:17,966 :INFO : Test Login :Pass
2022-05-30 07:38:20,270 :INFO : Test Login :Fail
2022-05-30 07:38:20,270 :INFO : Test Login :All test cases executed successfully
2022-05-30 07:44:18,734 :INFO : Test Login :*****Test_001_Login*****
2022-05-30 07:44:18,734 :INFO : Test Login :*****Starting test*****
2022-05-30 07:44:18,735 :INFO : Test Login :*****Verifiying title*****
2022-05-30 07:44:19,274 :INFO : Test Login :*****Title test passed*****
2022-05-30 07:44:21,002 :INFO : Test Login :********Test_001_login********
2022-05-30 07:44:21,002 :INFO : Test Login :*****Starting test*****
2022-05-30 07:44:21,002 :INFO : Test Login :*****Verifiying Log in credentials*****
2022-05-30 07:44:21,890 :INFO : Test Login :Pass
2022-05-30 07:44:24,314 :INFO : Test Login :Fail
2022-05-30 07:44:24,494 :INFO : Test Login :Fail
2022-05-30 07:44:24,771 :INFO : Test Login :Pass
2022-05-30 07:44:32,169 :INFO : Test Login :Pass
2022-05-30 07:44:34,530 :INFO : Test Login :Fail
2022-05-30 07:44:34,530 :INFO : Test Login :All test cases executed successfully
2022-05-30 09:06:09,910 :INFO : Test Login :*****Test_001_Login*****
2022-05-30 09:06:09,910 :INFO : Test Login :*****Test_001_Login*****
2022-05-30 09:06:09,910 :INFO : Test Login :*****Starting test*****
2022-05-30 09:06:09,910 :INFO : Test Login :*****Starting test*****
2022-05-30 09:06:09,910 :INFO : Test Login :*****Verifiying title*****
2022-05-30 09:06:09,910 :INFO : Test Login :*****Verifiying title*****
2022-05-30 09:06:11,236 :INFO : Test Login :*****Title test passed*****
2022-05-30 09:06:11,236 :INFO : Test Login :*****Title test passed*****
2022-05-30 09:06:12,954 :INFO : Test Login :********Test_001_login********
2022-05-30 09:06:12,954 :INFO : Test Login :********Test_001_login********
2022-05-30 09:06:12,955 :INFO : Test Login :*****Starting test*****
2022-05-30 09:06:12,955 :INFO : Test Login :*****Starting test*****
2022-05-30 09:06:12,955 :INFO : Test Login :*****Verifiying Log in credentials*****
2022-05-30 09:06:12,955 :INFO : Test Login :*****Verifiying Log in credentials*****
2022-05-30 09:06:13,755 :INFO : Test Login :Pass
2022-05-30 09:06:13,755 :INFO : Test Login :Pass
2022-05-30 09:06:16,081 :INFO : Test Login :Fail
2022-05-30 09:06:16,081 :INFO : Test Login :Fail
2022-05-30 09:06:16,261 :INFO : Test Login :Fail
2022-05-30 09:06:16,261 :INFO : Test Login :Fail
2022-05-30 09:06:16,505 :INFO : Test Login :Pass
2022-05-30 09:06:16,505 :INFO : Test Login :Pass
2022-05-30 09:06:23,883 :INFO : Test Login :Pass
2022-05-30 09:06:23,883 :INFO : Test Login :Pass
2022-05-30 09:06:26,213 :INFO : Test Login :Fail
2022-05-30 09:06:26,213 :INFO : Test Login :Fail
2022-05-30 09:06:26,214 :INFO : Test Login :All test cases executed successfully
2022-05-30 09:06:26,214 :INFO : Test Login :All test cases executed successfully
2022-05-30 09:06:27,991 :INFO : Test Login :********Test_001_login********
2022-05-30 09:06:27,991 :INFO : Test Login :********Test_001_login********
2022-05-30 09:06:27,992 :INFO : Test Login :*****Starting test*****
2022-05-30 09:06:27,992 :INFO : Test Login :*****Starting test*****
2022-05-30 09:07:26,608 :INFO : Test Login :*****Test_001_Login*****
2022-05-30 09:07:26,608 :INFO : Test Login :*****Test_001_Login*****
2022-05-30 09:07:26,609 :INFO : Test Login :*****Starting test*****
2022-05-30 09:07:26,609 :INFO : Test Login :*****Starting test*****
2022-05-30 09:07:26,609 :INFO : Test Login :*****Verifiying title*****
2022-05-30 09:07:26,609 :INFO : Test Login :*****Verifiying title*****
2022-05-30 09:07:27,119 :INFO : Test Login :*****Title test passed*****
2022-05-30 09:07:27,119 :INFO : Test Login :*****Title test passed*****
2022-05-30 09:07:28,812 :INFO : Test Login :********Test_001_login********
2022-05-30 09:07:28,812 :INFO : Test Login :********Test_001_login********
2022-05-30 09:07:28,813 :INFO : Test Login :*****Starting test*****
2022-05-30 09:07:28,813 :INFO : Test Login :*****Starting test*****
2022-05-30 09:07:28,813 :INFO : Test Login :*****Verifiying Log in credentials*****
2022-05-30 09:07:28,813 :INFO : Test Login :*****Verifiying Log in credentials*****
2022-05-30 09:07:29,633 :INFO : Test Login :Pass
2022-05-30 09:07:29,633 :INFO : Test Login :Pass
2022-05-30 09:07:31,993 :INFO : Test Login :Fail
2022-05-30 09:07:31,993 :INFO : Test Login :Fail
2022-05-30 09:07:32,163 :INFO : Test Login :Fail
2022-05-30 09:07:32,163 :INFO : Test Login :Fail
2022-05-30 09:07:32,406 :INFO : Test Login :Pass
2022-05-30 09:07:32,406 :INFO : Test Login :Pass
2022-05-30 09:07:39,751 :INFO : Test Login :Pass
2022-05-30 09:07:39,751 :INFO : Test Login :Pass
2022-05-30 09:07:42,055 :INFO : Test Login :Fail
2022-05-30 09:07:42,055 :INFO : Test Login :Fail
2022-05-30 09:07:42,055 :INFO : Test Login :All test cases executed successfully
2022-05-30 09:07:42,055 :INFO : Test Login :All test cases executed successfully
2022-05-30 09:07:43,818 :INFO : Test Login :********Test_001_login********
2022-05-30 09:07:43,818 :INFO : Test Login :********Test_001_login********
2022-05-30 09:07:43,819 :INFO : Test Login :*****Starting test*****
2022-05-30 09:07:43,819 :INFO : Test Login :*****Starting test*****
2022-05-30 09:09:46,538 :INFO : Test Login :********Test_001_login********
2022-05-30 09:09:46,538 :INFO : Test Login :*****Starting test*****
2022-05-30 09:09:47,260 :INFO : Test Login :********Login successful********
2022-05-30 09:09:47,260 :INFO : Test Login :********Adding to cart********
2022-05-30 09:10:31,952 :INFO : Test Login :********Test_001_login********
2022-05-30 09:10:31,952 :INFO : Test Login :*****Starting test*****
2022-05-30 09:10:32,669 :INFO : Test Login :********Login successful********
2022-05-30 09:10:32,670 :INFO : Test Login :********Adding to cart********
2022-05-30 09:11:54,694 :INFO : Test Login :********Test_001_login********
2022-05-30 09:11:54,694 :INFO : Test Login :*****Starting test*****
2022-05-30 09:11:55,488 :INFO : Test Login :********Login successful********
2022-05-30 09:11:55,488 :INFO : Test Login :********Adding to cart********
2022-05-30 22:04:16,094 :INFO : Test Login :********Test_001_login********
2022-05-30 22:04:16,094 :INFO : Test Login :*****Starting test*****
2022-05-30 22:04:17,772 :INFO : Test Login :********Login successful********
2022-05-30 22:04:17,772 :INFO : Test Login :********Adding to cart********
2022-06-01 16:27:31,623 :INFO : Test Login :********Test_001_login********
2022-06-01 16:27:31,623 :INFO : Test Login :*****Starting test*****
2022-06-01 16:27:32,608 :INFO : Test Login :********Login successful********
2022-06-01 16:27:32,608 :INFO : Test Login :********Adding to cart********
2022-06-01 16:27:54,677 :INFO : Test Login :********Test_001_login********
2022-06-01 16:27:54,677 :INFO : Test Login :*****Starting test*****
2022-06-01 16:27:55,506 :INFO : Test Login :********Login successful********
2022-06-01 16:27:55,507 :INFO : Test Login :********Adding to cart********
2022-06-01 17:13:35,114 :INFO : Test Login :********Test_001_login********
2022-06-01 17:13:35,114 :INFO : Test Login :*****Starting test*****
2022-06-01 17:13:35,913 :INFO : Test Login :********Login successful********
2022-06-01 17:13:35,913 :INFO : Test Login :********Adding to cart********
2022-06-01 17:14:47,118 :INFO : Test Login :********Test_001_login********
2022-06-01 17:14:47,118 :INFO : Test Login :*****Starting test*****
2022-06-01 17:14:47,948 :INFO : Test Login :********Login successful********
2022-06-01 17:14:47,949 :INFO : Test Login :********Adding to cart********
2022-06-01 17:16:08,512 :INFO : Test Login :********Test_001_login********
2022-06-01 17:16:08,512 :INFO : Test Login :*****Starting test*****
2022-06-01 17:16:09,318 :INFO : Test Login :********Login successful********
2022-06-01 17:16:09,319 :INFO : Test Login :********Adding to cart********
2022-06-01 17:18:04,563 :INFO : Test Login :********Test_001_login********
2022-06-01 17:18:04,564 :INFO : Test Login :*****Starting test*****
2022-06-01 17:18:05,450 :INFO : Test Login :********Login successful********
2022-06-01 17:18:05,450 :INFO : Test Login :********Adding to cart********
2022-06-01 17:18:54,943 :INFO : Test Login :********Test_001_login********
2022-06-01 17:18:54,943 :INFO : Test Login :*****Starting test*****
2022-06-01 17:18:55,742 :INFO : Test Login :********Login successful********
2022-06-01 17:18:55,742 :INFO : Test Login :********Adding to cart********
2022-06-01 17:19:32,677 :INFO : Test Login :********Test_001_login********
2022-06-01 17:19:32,677 :INFO : Test Login :*****Starting test*****
2022-06-01 17:19:33,496 :INFO : Test Login :********Login successful********
2022-06-01 17:19:33,497 :INFO : Test Login :********Adding to cart********
2022-06-01 17:20:26,630 :INFO : Test Login :********Test_001_login********
2022-06-01 17:20:26,630 :INFO : Test Login :*****Starting test*****
2022-06-01 17:20:27,420 :INFO : Test Login :********Login successful********
2022-06-01 17:20:27,420 :INFO : Test Login :********Adding to cart********
2022-06-01 17:21:29,335 :INFO : Test Login :********Test_001_login********
2022-06-01 17:21:29,335 :INFO : Test Login :*****Starting test*****
2022-06-01 17:21:30,145 :INFO : Test Login :********Login successful********
2022-06-01 17:21:30,146 :INFO : Test Login :********Adding to cart********
2022-06-01 17:22:42,698 :INFO : Test Login :********Test_001_login********
2022-06-01 17:22:42,699 :INFO : Test Login :*****Starting test*****
2022-06-01 17:22:43,476 :INFO : Test Login :********Login successful********
2022-06-01 17:22:43,476 :INFO : Test Login :********Adding to cart********
2022-06-01 17:23:05,050 :INFO : Test Login :********Test_001_login********
2022-06-01 17:23:05,050 :INFO : Test Login :*****Starting test*****
2022-06-01 17:23:05,837 :INFO : Test Login :********Login successful********
2022-06-01 17:23:05,837 :INFO : Test Login :********Adding to cart********
2022-06-01 17:23:19,774 :INFO : Test Login :********Test_001_login********
2022-06-01 17:23:19,775 :INFO : Test Login :*****Starting test*****
2022-06-01 17:23:20,580 :INFO : Test Login :********Login successful********
2022-06-01 17:23:20,580 :INFO : Test Login :********Adding to cart********
2022-06-01 18:23:15,588 :INFO : Test Login :********Test_001_login********
2022-06-01 18:23:15,588 :INFO : Test Login :*****Starting test*****
2022-06-01 18:23:16,471 :INFO : Test Login :********Login successful********
2022-06-01 18:23:16,472 :INFO : Test Login :********Adding to cart********
2022-06-01 18:24:29,153 :INFO : Test Login :********Test_001_login********
2022-06-01 18:24:29,153 :INFO : Test Login :*****Starting test*****
2022-06-01 18:24:29,960 :INFO : Test Login :********Login successful********
2022-06-01 18:24:29,960 :INFO : Test Login :********Adding to cart********
2022-06-01 18:25:25,833 :INFO : Test Login :********Test_001_login********
2022-06-01 18:25:25,833 :INFO : Test Login :*****Starting test*****
2022-06-01 18:25:26,636 :INFO : Test Login :********Login successful********
2022-06-01 18:25:26,637 :INFO : Test Login :********Adding to cart********
2022-06-01 18:25:36,170 :INFO : Test Login :********Test_001_login********
2022-06-01 18:25:36,170 :INFO : Test Login :*****Starting test*****
2022-06-01 18:25:36,955 :INFO : Test Login :********Login successful********
2022-06-01 18:25:36,955 :INFO : Test Login :********Adding to cart********
2022-06-01 18:34:35,434 :INFO : Test Login :*****Test_001_Login*****
2022-06-01 18:34:35,435 :INFO : Test Login :*****Starting test*****
2022-06-01 18:34:35,435 :INFO : Test Login :*****Verifiying title*****
2022-06-01 18:34:35,999 :INFO : Test Login :*****Title test passed*****
2022-06-01 18:34:37,760 :INFO : Test Login :********Test_001_login********
2022-06-01 18:34:37,760 :INFO : Test Login :*****Starting test*****
2022-06-01 18:34:37,760 :INFO : Test Login :*****Verifiying Log in credentials*****
2022-06-01 18:34:38,583 :INFO : Test Login :Pass
2022-06-01 18:34:40,950 :INFO : Test Login :Fail
2022-06-01 18:34:41,131 :INFO : Test Login :Fail
2022-06-01 18:34:41,358 :INFO : Test Login :Pass
2022-06-01 18:34:48,820 :INFO : Test Login :Pass
2022-06-01 18:34:51,124 :INFO : Test Login :Fail
2022-06-01 18:34:51,124 :INFO : Test Login :All test cases executed successfully
2022-06-01 18:36:21,441 :INFO : Test Login :********Test_001_login********
2022-06-01 18:36:21,441 :INFO : Test Login :*****Starting test*****
2022-06-01 18:36:22,232 :INFO : Test Login :********Login successful********
2022-06-01 18:36:22,232 :INFO : Test Login :********Adding to cart********
2022-06-01 18:43:29,125 :INFO : Test Login :********Test_001_login********
2022-06-01 18:43:29,125 :INFO : Test Login :*****Starting test*****
2022-06-01 18:43:30,239 :INFO : Test Login :********Login successful********
2022-06-01 18:43:30,239 :INFO : Test Login :********Adding to cart********
2022-06-01 18:43:39,656 :INFO : Test Login :********Test_001_login********
2022-06-01 18:43:39,656 :INFO : Test Login :*****Starting test*****
2022-06-01 18:43:40,455 :INFO : Test Login :********Login successful********
2022-06-01 18:43:40,455 :INFO : Test Login :********Adding to cart********
2022-06-01 18:46:05,210 :INFO : Test Login :********Test_001_login********
2022-06-01 18:46:05,211 :INFO : Test Login :*****Starting test*****
2022-06-01 18:46:06,000 :INFO : Test Login :********Login successful********
2022-06-01 18:46:06,000 :INFO : Test Login :********Adding to cart********
2022-06-01 18:46:24,308 :INFO : Test Login :********Test_001_login********
2022-06-01 18:46:24,309 :INFO : Test Login :*****Starting test*****
2022-06-01 18:46:25,109 :INFO : Test Login :********Login successful********
2022-06-01 18:46:25,109 :INFO : Test Login :********Adding to cart********
2022-06-01 18:53:40,460 :INFO : Test Login :*****Test_001_Login*****
2022-06-01 18:53:40,460 :INFO : Test Login :*****Test_001_Login*****
2022-06-01 18:53:40,460 :INFO : Test Login :*****Starting test*****
2022-06-01 18:53:40,460 :INFO : Test Login :*****Starting test*****
2022-06-01 18:53:40,461 :INFO : Test Login :*****Verifiying title*****
2022-06-01 18:53:40,461 :INFO : Test Login :*****Verifiying title*****
2022-06-01 18:53:41,015 :INFO : Test Login :*****Title test passed*****
2022-06-01 18:53:41,015 :INFO : Test Login :*****Title test passed*****
2022-06-01 18:53:42,746 :INFO : Test Login :********Test_001_login********
2022-06-01 18:53:42,746 :INFO : Test Login :********Test_001_login********
2022-06-01 18:53:42,746 :INFO : Test Login :*****Starting test*****
2022-06-01 18:53:42,746 :INFO : Test Login :*****Starting test*****
2022-06-01 18:53:42,747 :INFO : Test Login :*****Verifiying Log in credentials*****
2022-06-01 18:53:42,747 :INFO : Test Login :*****Verifiying Log in credentials*****
2022-06-01 18:53:43,594 :INFO : Test Login :Pass
2022-06-01 18:53:43,594 :INFO : Test Login :Pass
2022-06-01 18:53:45,931 :INFO : Test Login :Fail
2022-06-01 18:53:45,931 :INFO : Test Login :Fail
2022-06-01 18:53:46,127 :INFO : Test Login :Fail
2022-06-01 18:53:46,127 :INFO : Test Login :Fail
2022-06-01 18:53:46,342 :INFO : Test Login :Pass
2022-06-01 18:53:46,342 :INFO : Test Login :Pass
2022-06-01 18:53:53,708 :INFO : Test Login :Pass
2022-06-01 18:53:53,708 :INFO : Test Login :Pass
2022-06-01 18:53:56,007 :INFO : Test Login :Fail
2022-06-01 18:53:56,007 :INFO : Test Login :Fail
2022-06-01 18:53:56,007 :INFO : Test Login :All test cases executed successfully
2022-06-01 18:53:56,007 :INFO : Test Login :All test cases executed successfully
2022-06-01 18:53:57,806 :INFO : Test Login :********Test_001_login********
2022-06-01 18:53:57,806 :INFO : Test Login :********Test_001_login********
2022-06-01 18:53:57,806 :INFO : Test Login :*****Starting test*****
2022-06-01 18:53:57,806 :INFO : Test Login :*****Starting test*****
2022-06-01 18:53:58,593 :INFO : Test Login :********Login successful********
2022-06-01 18:53:58,593 :INFO : Test Login :********Login successful********
2022-06-01 18:53:58,594 :INFO : Test Login :********Adding to cart********
2022-06-01 18:53:58,594 :INFO : Test Login :********Adding to cart********
2022-06-01 19:28:40,966 :INFO : Test Login :*****Test_001_Login*****
2022-06-01 19:28:40,966 :INFO : Test Login :*****Test_001_Login*****
2022-06-01 19:28:40,966 :INFO : Test Login :*****Starting test*****
2022-06-01 19:28:40,966 :INFO : Test Login :*****Starting test*****
2022-06-01 19:28:40,967 :INFO : Test Login :*****Verifiying title*****
2022-06-01 19:28:40,967 :INFO : Test Login :*****Verifiying title*****
2022-06-01 19:28:42,342 :INFO : Test Login :*****Title test passed*****
2022-06-01 19:28:42,342 :INFO : Test Login :*****Title test passed*****
2022-06-01 19:28:44,052 :INFO : Test Login :********Test_001_login********
2022-06-01 19:28:44,052 :INFO : Test Login :********Test_001_login********
2022-06-01 19:28:44,052 :INFO : Test Login :*****Starting test*****
2022-06-01 19:28:44,052 :INFO : Test Login :*****Starting test*****
2022-06-01 19:28:44,052 :INFO : Test Login :*****Verifiying Log in credentials*****
2022-06-01 19:28:44,052 :INFO : Test Login :*****Verifiying Log in credentials*****
2022-06-01 19:28:45,033 :INFO : Test Login :Pass
2022-06-01 19:28:45,033 :INFO : Test Login :Pass
2022-06-01 19:28:47,334 :INFO : Test Login :Fail
2022-06-01 19:28:47,334 :INFO : Test Login :Fail
2022-06-01 19:28:47,532 :INFO : Test Login :Fail
2022-06-01 19:28:47,532 :INFO : Test Login :Fail
2022-06-01 19:28:47,744 :INFO : Test Login :Pass
2022-06-01 19:28:47,744 :INFO : Test Login :Pass
2022-06-01 19:28:55,128 :INFO : Test Login :Pass
2022-06-01 19:28:55,128 :INFO : Test Login :Pass
2022-06-01 19:28:57,449 :INFO : Test Login :Fail
2022-06-01 19:28:57,449 :INFO : Test Login :Fail
2022-06-01 19:28:57,449 :INFO : Test Login :All test cases executed successfully
2022-06-01 19:28:57,449 :INFO : Test Login :All test cases executed successfully
2022-06-01 19:28:59,276 :INFO : Test Login :********Test_001_login********
2022-06-01 19:28:59,276 :INFO : Test Login :********Test_001_login********
2022-06-01 19:28:59,276 :INFO : Test Login :*****Starting test*****
2022-06-01 19:28:59,276 :INFO : Test Login :*****Starting test*****
2022-06-01 19:29:00,136 :INFO : Test Login :********Login successful********
2022-06-01 19:29:00,136 :INFO : Test Login :********Login successful********
2022-06-01 19:29:00,136 :INFO : Test Login :********Adding to cart********
2022-06-01 19:29:00,136 :INFO : Test Login :********Adding to cart********
2022-06-01 19:40:32,301 :INFO : Test Login :*****Test_001_Login*****
2022-06-01 19:40:32,301 :INFO : Test Login :*****Test_001_Login*****
2022-06-01 19:40:32,301 :INFO : Test Login :*****Starting test*****
2022-06-01 19:40:32,301 :INFO : Test Login :*****Starting test*****
2022-06-01 19:40:32,302 :INFO : Test Login :*****Verifiying title*****
2022-06-01 19:40:32,302 :INFO : Test Login :*****Verifiying title*****
2022-06-01 19:40:34,470 :INFO : Test Login :*****Title test passed*****
2022-06-01 19:40:34,470 :INFO : Test Login :*****Title test passed*****
2022-06-01 19:40:36,221 :INFO : Test Login :********Test_001_login********
2022-06-01 19:40:36,221 :INFO : Test Login :********Test_001_login********
2022-06-01 19:40:36,222 :INFO : Test Login :*****Starting test*****
2022-06-01 19:40:36,222 :INFO : Test Login :*****Starting test*****
2022-06-01 19:40:36,222 :INFO : Test Login :*****Verifiying Log in credentials*****
2022-06-01 19:40:36,222 :INFO : Test Login :*****Verifiying Log in credentials*****
2022-06-01 19:40:37,931 :INFO : Test Login :Pass
2022-06-01 19:40:37,931 :INFO : Test Login :Pass
2022-06-01 19:40:40,246 :INFO : Test Login :Fail
2022-06-01 19:40:40,246 :INFO : Test Login :Fail
2022-06-01 19:40:40,420 :INFO : Test Login :Fail
2022-06-01 19:40:40,420 :INFO : Test Login :Fail
2022-06-01 19:40:40,712 :INFO : Test Login :Pass
2022-06-01 19:40:40,712 :INFO : Test Login :Pass
2022-06-01 19:40:48,095 :INFO : Test Login :Pass
2022-06-01 19:40:48,095 :INFO : Test Login :Pass
2022-06-01 19:40:50,402 :INFO : Test Login :Fail
2022-06-01 19:40:50,402 :INFO : Test Login :Fail
2022-06-01 19:40:50,402 :INFO : Test Login :All test cases executed successfully
2022-06-01 19:40:50,402 :INFO : Test Login :All test cases executed successfully
2022-06-01 19:40:52,243 :INFO : Test Login :********Test_001_login********
2022-06-01 19:40:52,243 :INFO : Test Login :********Test_001_login********
2022-06-01 19:40:52,244 :INFO : Test Login :*****Starting test*****
2022-06-01 19:40:52,244 :INFO : Test Login :*****Starting test*****
2022-06-01 19:40:53,152 :INFO : Test Login :********Login successful********
2022-06-01 19:40:53,152 :INFO : Test Login :********Login successful********
2022-06-01 19:40:53,152 :INFO : Test Login :********Adding to cart********
2022-06-01 19:40:53,152 :INFO : Test Login :********Adding to cart********
2022-06-01 19:41:29,021 :INFO : Test Login :*****Test_001_Login*****
2022-06-01 19:41:29,021 :INFO : Test Login :*****Test_001_Login*****
2022-06-01 19:41:29,022 :INFO : Test Login :*****Starting test*****
2022-06-01 19:41:29,022 :INFO : Test Login :*****Starting test*****
2022-06-01 19:41:29,022 :INFO : Test Login :*****Verifiying title*****
2022-06-01 19:41:29,022 :INFO : Test Login :*****Verifiying title*****
2022-06-01 19:41:29,781 :INFO : Test Login :*****Title test passed*****
2022-06-01 19:41:29,781 :INFO : Test Login :*****Title test passed*****
2022-06-01 19:49:57,957 :INFO : Test Login :*****Test_001_Login*****
2022-06-01 19:49:57,957 :INFO : Test Login :*****Test_001_Login*****
2022-06-01 19:49:57,957 :INFO : Test Login :*****Starting test*****
2022-06-01 19:49:57,957 :INFO : Test Login :*****Starting test*****
2022-06-01 19:49:57,957 :INFO : Test Login :*****Verifiying title*****
2022-06-01 19:49:57,957 :INFO : Test Login :*****Verifiying title*****
2022-06-01 19:50:00,991 :INFO : Test Login :*****Title test passed*****
2022-06-01 19:50:00,991 :INFO : Test Login :*****Title test passed*****
2022-06-01 19:51:12,364 :INFO : Test Login :*****Test_001_Login*****
2022-06-01 19:51:12,364 :INFO : Test Login :*****Test_001_Login*****
2022-06-01 19:51:12,364 :INFO : Test Login :*****Starting test*****
2022-06-01 19:51:12,364 :INFO : Test Login :*****Starting test*****
2022-06-01 19:51:12,364 :INFO : Test Login :*****Verifiying title*****
2022-06-01 19:51:12,364 :INFO : Test Login :*****Verifiying title*****
2022-06-01 19:51:14,328 :INFO : Test Login :*****Title test passed*****
2022-06-01 19:51:14,328 :INFO : Test Login :*****Title test passed*****
2022-06-01 19:51:41,612 :INFO : Test Login :*****Test_001_Login*****
2022-06-01 19:51:41,612 :INFO : Test Login :*****Test_001_Login*****
2022-06-01 19:51:41,612 :INFO : Test Login :*****Starting test*****
2022-06-01 19:51:41,612 :INFO : Test Login :*****Starting test*****
2022-06-01 19:51:41,613 :INFO : Test Login :*****Verifiying title*****
2022-06-01 19:51:41,613 :INFO : Test Login :*****Verifiying title*****
2022-06-01 19:51:43,375 :INFO : Test Login :*****Title test passed*****
2022-06-01 19:51:43,375 :INFO : Test Login :*****Title test passed*****
2022-06-01 19:51:55,796 :INFO : Test Login :*****Test_001_Login*****
2022-06-01 19:51:55,796 :INFO : Test Login :*****Test_001_Login*****
2022-06-01 19:51:55,796 :INFO : Test Login :*****Starting test*****
2022-06-01 19:51:55,796 :INFO : Test Login :*****Starting test*****
2022-06-01 19:51:55,797 :INFO : Test Login :*****Verifiying title*****
2022-06-01 19:51:55,797 :INFO : Test Login :*****Verifiying title*****
2022-06-01 19:51:58,307 :INFO : Test Login :*****Title test passed*****
2022-06-01 19:51:58,307 :INFO : Test Login :*****Title test passed*****
2022-06-01 19:52:00,101 :INFO : Test Login :********Test_001_login********
2022-06-01 19:52:00,101 :INFO : Test Login :********Test_001_login********
2022-06-01 19:52:00,101 :INFO : Test Login :*****Starting test*****
2022-06-01 19:52:00,101 :INFO : Test Login :*****Starting test*****
2022-06-01 19:52:00,101 :INFO : Test Login :*****Verifiying Log in credentials*****
2022-06-01 19:52:00,101 :INFO : Test Login :*****Verifiying Log in credentials*****
2022-06-01 19:52:02,623 :INFO : Test Login :Pass
2022-06-01 19:52:02,623 :INFO : Test Login :Pass
2022-06-01 19:52:04,932 :INFO : Test Login :Fail
2022-06-01 19:52:04,932 :INFO : Test Login :Fail
2022-06-01 19:52:05,122 :INFO : Test Login :Fail
2022-06-01 19:52:05,122 :INFO : Test Login :Fail
2022-06-01 19:52:05,363 :INFO : Test Login :Pass
2022-06-01 19:52:05,363 :INFO : Test Login :Pass
2022-06-01 19:52:12,734 :INFO : Test Login :Pass
2022-06-01 19:52:12,734 :INFO : Test Login :Pass
2022-06-01 19:52:15,065 :INFO : Test Login :Fail
2022-06-01 19:52:15,065 :INFO : Test Login :Fail
2022-06-01 19:52:15,065 :INFO : Test Login :All test cases executed successfully
2022-06-01 19:52:15,065 :INFO : Test Login :All test cases executed successfully
2022-06-01 19:52:16,934 :INFO : Test Login :********Test_001_login********
2022-06-01 19:52:16,934 :INFO : Test Login :********Test_001_login********
2022-06-01 19:52:16,934 :INFO : Test Login :*****Starting test*****
2022-06-01 19:52:16,934 :INFO : Test Login :*****Starting test*****
2022-06-01 19:52:18,125 :INFO : Test Login :********Login successful********
2022-06-01 19:52:18,125 :INFO : Test Login :********Login successful********
2022-06-01 19:52:18,125 :INFO : Test Login :********Adding to cart********
2022-06-01 19:52:18,125 :INFO : Test Login :********Adding to cart********
2022-06-01 22:09:11,825 :INFO : Test Login :*****Test_001_Login*****
2022-06-01 22:09:11,825 :INFO : Test Login :*****Test_001_Login*****
2022-06-01 22:09:11,825 :INFO : Test Login :*****Starting test*****
2022-06-01 22:09:11,825 :INFO : Test Login :*****Starting test*****
2022-06-01 22:09:11,826 :INFO : Test Login :*****Verifiying title*****
2022-06-01 22:09:11,826 :INFO : Test Login :*****Verifiying title*****
2022-06-01 22:09:12,501 :INFO : Test Login :*****Title test passed*****
2022-06-01 22:09:12,501 :INFO : Test Login :*****Title test passed*****
2022-06-01 22:09:14,195 :INFO : Test Login :********Test_001_login********
2022-06-01 22:09:14,195 :INFO : Test Login :********Test_001_login********
2022-06-01 22:09:14,195 :INFO : Test Login :*****Starting test*****
2022-06-01 22:09:14,195 :INFO : Test Login :*****Starting test*****
2022-06-01 22:09:14,195 :INFO : Test Login :*****Verifiying Log in credentials*****
2022-06-01 22:09:14,195 :INFO : Test Login :*****Verifiying Log in credentials*****
2022-06-01 22:09:15,490 :INFO : Test Login :Pass
2022-06-01 22:09:15,490 :INFO : Test Login :Pass
2022-06-01 22:09:17,795 :INFO : Test Login :Fail
2022-06-01 22:09:17,795 :INFO : Test Login :Fail
2022-06-01 22:09:17,967 :INFO : Test Login :Fail
2022-06-01 22:09:17,967 :INFO : Test Login :Fail
2022-06-01 22:09:18,211 :INFO : Test Login :Pass
2022-06-01 22:09:18,211 :INFO : Test Login :Pass
2022-06-01 22:09:25,558 :INFO : Test Login :Pass
2022-06-01 22:09:25,558 :INFO : Test Login :Pass
2022-06-01 22:09:27,871 :INFO : Test Login :Fail
2022-06-01 22:09:27,871 :INFO : Test Login :Fail
2022-06-01 22:09:27,871 :INFO : Test Login :All test cases executed successfully
2022-06-01 22:09:27,871 :INFO : Test Login :All test cases executed successfully
2022-06-01 22:09:29,704 :INFO : Test Login :********Test_001_login********
2022-06-01 22:09:29,704 :INFO : Test Login :********Test_001_login********
2022-06-01 22:09:29,704 :INFO : Test Login :*****Starting test*****
2022-06-01 22:09:29,704 :INFO : Test Login :*****Starting test*****
2022-06-01 22:09:30,510 :INFO : Test Login :********Login successful********
2022-06-01 22:09:30,510 :INFO : Test Login :********Login successful********
2022-06-01 22:09:30,510 :INFO : Test Login :********Adding to cart********
2022-06-01 22:09:30,510 :INFO : Test Login :********Adding to cart********
2022-06-01 22:09:48,036 :INFO : Test Login :*****Test_001_Login*****
2022-06-01 22:09:48,036 :INFO : Test Login :*****Test_001_Login*****
2022-06-01 22:09:48,037 :INFO : Test Login :*****Starting test*****
2022-06-01 22:09:48,037 :INFO : Test Login :*****Starting test*****
2022-06-01 22:09:48,037 :INFO : Test Login :*****Verifiying title*****
2022-06-01 22:09:48,037 :INFO : Test Login :*****Verifiying title*****
2022-06-01 22:09:49,690 :INFO : Test Login :*****Title test passed*****
2022-06-01 22:09:49,690 :INFO : Test Login :*****Title test passed*****
2022-06-01 22:09:55,357 :INFO : Test Login :********Test_001_login********
2022-06-01 22:09:55,357 :INFO : Test Login :********Test_001_login********
2022-06-01 22:09:55,358 :INFO : Test Login :*****Starting test*****
2022-06-01 22:09:55,358 :INFO : Test Login :*****Starting test*****
2022-06-01 22:09:55,358 :INFO : Test Login :*****Verifiying Log in credentials*****
2022-06-01 22:09:55,358 :INFO : Test Login :*****Verifiying Log in credentials*****
2022-06-01 22:09:56,776 :INFO : Test Login :Pass
2022-06-01 22:09:56,776 :INFO : Test Login :Pass
2022-06-01 22:09:59,488 :INFO : Test Login :Fail
2022-06-01 22:09:59,488 :INFO : Test Login :Fail
2022-06-01 22:09:59,786 :INFO : Test Login :Fail
2022-06-01 22:09:59,786 :INFO : Test Login :Fail
2022-06-01 22:10:00,125 :INFO : Test Login :Pass
2022-06-01 22:10:00,125 :INFO : Test Login :Pass
2022-06-01 22:10:07,867 :INFO : Test Login :Pass
2022-06-01 22:10:07,867 :INFO : Test Login :Pass
2022-06-01 22:10:10,607 :INFO : Test Login :Fail
2022-06-01 22:10:10,607 :INFO : Test Login :Fail
2022-06-01 22:10:10,608 :INFO : Test Login :All test cases executed successfully
2022-06-01 22:10:10,608 :INFO : Test Login :All test cases executed successfully
2022-06-01 22:10:17,051 :INFO : Test Login :********Test_001_login********
2022-06-01 22:10:17,051 :INFO : Test Login :********Test_001_login********
2022-06-01 22:10:17,052 :INFO : Test Login :*****Starting test*****
2022-06-01 22:10:17,052 :INFO : Test Login :*****Starting test*****
2022-06-01 22:10:18,084 :INFO : Test Login :********Login successful********
2022-06-01 22:10:18,084 :INFO : Test Login :********Login successful********
2022-06-01 22:10:18,084 :INFO : Test Login :********Adding to cart********
2022-06-01 22:10:18,084 :INFO : Test Login :********Adding to cart********
2022-06-01 22:19:15,621 :INFO : Test Login :*****Test_001_Login*****
2022-06-01 22:19:15,621 :INFO : Test Login :*****Test_001_Login*****
2022-06-01 22:19:15,621 :INFO : Test Login :*****Starting test*****
2022-06-01 22:19:15,621 :INFO : Test Login :*****Starting test*****
2022-06-01 22:19:15,621 :INFO : Test Login :*****Verifiying title*****
2022-06-01 22:19:15,621 :INFO : Test Login :*****Verifiying title*****
2022-06-01 22:19:17,817 :INFO : Test Login :*****Title test passed*****
2022-06-01 22:19:17,817 :INFO : Test Login :*****Title test passed*****
2022-06-01 22:19:19,610 :INFO : Test Login :********Test_001_login********
2022-06-01 22:19:19,610 :INFO : Test Login :********Test_001_login********
2022-06-01 22:19:19,610 :INFO : Test Login :*****Starting test*****
2022-06-01 22:19:19,610 :INFO : Test Login :*****Starting test*****
2022-06-01 22:19:19,611 :INFO : Test Login :*****Verifiying Log in credentials*****
2022-06-01 22:19:19,611 :INFO : Test Login :*****Verifiying Log in credentials*****
2022-06-01 22:19:21,257 :INFO : Test Login :Pass
2022-06-01 22:19:21,257 :INFO : Test Login :Pass
2022-06-01 22:19:23,580 :INFO : Test Login :Fail
2022-06-01 22:19:23,580 :INFO : Test Login :Fail
2022-06-01 22:19:23,749 :INFO : Test Login :Fail
2022-06-01 22:19:23,749 :INFO : Test Login :Fail
2022-06-01 22:19:23,980 :INFO : Test Login :Pass
2022-06-01 22:19:23,980 :INFO : Test Login :Pass
2022-06-01 22:19:31,371 :INFO : Test Login :Pass
2022-06-01 22:19:31,371 :INFO : Test Login :Pass
2022-06-01 22:19:33,698 :INFO : Test Login :Fail
2022-06-01 22:19:33,698 :INFO : Test Login :Fail
2022-06-01 22:19:33,698 :INFO : Test Login :All test cases executed successfully
2022-06-01 22:19:33,698 :INFO : Test Login :All test cases executed successfully
2022-06-01 22:19:35,463 :INFO : Test Login :********Test_001_login********
2022-06-01 22:19:35,463 :INFO : Test Login :********Test_001_login********
2022-06-01 22:19:35,463 :INFO : Test Login :*****Starting test*****
2022-06-01 22:19:35,463 :INFO : Test Login :*****Starting test*****
2022-06-01 22:19:36,355 :INFO : Test Login :********Login successful********
2022-06-01 22:19:36,355 :INFO : Test Login :********Login successful********
2022-06-01 22:19:36,356 :INFO : Test Login :********Adding to cart********
2022-06-01 22:19:36,356 :INFO : Test Login :********Adding to cart********
2022-06-01 22:20:57,796 :INFO : Test Login :*****Test_001_Login*****
2022-06-01 22:20:57,796 :INFO : Test Login :*****Test_001_Login*****
2022-06-01 22:20:57,796 :INFO : Test Login :*****Starting test*****
2022-06-01 22:20:57,796 :INFO : Test Login :*****Starting test*****
2022-06-01 22:20:57,797 :INFO : Test Login :*****Verifiying title*****
2022-06-01 22:20:57,797 :INFO : Test Login :*****Verifiying title*****
2022-06-01 22:20:58,470 :INFO : Test Login :*****Title test passed*****
2022-06-01 22:20:58,470 :INFO : Test Login :*****Title test passed*****
2022-06-01 22:21:00,212 :INFO : Test Login :********Test_001_login********
2022-06-01 22:21:00,212 :INFO : Test Login :********Test_001_login********
2022-06-01 22:21:00,212 :INFO : Test Login :*****Starting test*****
2022-06-01 22:21:00,212 :INFO : Test Login :*****Starting test*****
2022-06-01 22:21:00,212 :INFO : Test Login :*****Verifiying Log in credentials*****
2022-06-01 22:21:00,212 :INFO : Test Login :*****Verifiying Log in credentials*****
2022-06-01 22:21:01,120 :INFO : Test Login :Pass
2022-06-01 22:21:01,120 :INFO : Test Login :Pass
2022-06-01 22:21:03,468 :INFO : Test Login :Fail
2022-06-01 22:21:03,468 :INFO : Test Login :Fail
2022-06-01 22:21:03,657 :INFO : Test Login :Fail
2022-06-01 22:21:03,657 :INFO : Test Login :Fail
2022-06-01 22:21:03,931 :INFO : Test Login :Pass
2022-06-01 22:21:03,931 :INFO : Test Login :Pass
2022-06-01 22:21:11,299 :INFO : Test Login :Pass
2022-06-01 22:21:11,299 :INFO : Test Login :Pass
2022-06-01 22:21:13,603 :INFO : Test Login :Fail
2022-06-01 22:21:13,603 :INFO : Test Login :Fail
2022-06-01 22:21:13,603 :INFO : Test Login :All test cases executed successfully
2022-06-01 22:21:13,603 :INFO : Test Login :All test cases executed successfully
2022-06-01 22:21:15,437 :INFO : Test Login :********Test_001_login********
2022-06-01 22:21:15,437 :INFO : Test Login :********Test_001_login********
2022-06-01 22:21:15,437 :INFO : Test Login :*****Starting test*****
2022-06-01 22:21:15,437 :INFO : Test Login :*****Starting test*****
2022-06-01 22:21:16,284 :INFO : Test Login :********Login successful********
2022-06-01 22:21:16,284 :INFO : Test Login :********Login successful********
2022-06-01 22:21:16,284 :INFO : Test Login :********Adding to cart********
2022-06-01 22:21:16,284 :INFO : Test Login :********Adding to cart********
2022-06-01 22:22:40,642 :INFO : Test Login :*****Test_001_Login*****
2022-06-01 22:22:40,642 :INFO : Test Login :*****Test_001_Login*****
2022-06-01 22:22:40,642 :INFO : Test Login :*****Starting test*****
2022-06-01 22:22:40,642 :INFO : Test Login :*****Starting test*****
2022-06-01 22:22:40,643 :INFO : Test Login :*****Verifiying title*****
2022-06-01 22:22:40,643 :INFO : Test Login :*****Verifiying title*****
2022-06-01 22:22:42,639 :INFO : Test Login :*****Title test passed*****
2022-06-01 22:22:42,639 :INFO : Test Login :*****Title test passed*****
2022-06-01 22:22:48,318 :INFO : Test Login :********Test_001_login********
2022-06-01 22:22:48,318 :INFO : Test Login :********Test_001_login********
2022-06-01 22:22:48,319 :INFO : Test Login :*****Starting test*****
2022-06-01 22:22:48,319 :INFO : Test Login :*****Starting test*****
2022-06-01 22:22:48,319 :INFO : Test Login :*****Verifiying Log in credentials*****
2022-06-01 22:22:48,319 :INFO : Test Login :*****Verifiying Log in credentials*****
2022-06-01 22:22:49,702 :INFO : Test Login :Pass
2022-06-01 22:22:49,702 :INFO : Test Login :Pass
2022-06-01 22:22:52,411 :INFO : Test Login :Fail
2022-06-01 22:22:52,411 :INFO : Test Login :Fail
2022-06-01 22:22:52,702 :INFO : Test Login :Fail
2022-06-01 22:22:52,702 :INFO : Test Login :Fail
2022-06-01 22:22:53,042 :INFO : Test Login :Pass
2022-06-01 22:22:53,042 :INFO : Test Login :Pass
2022-06-01 22:23:00,789 :INFO : Test Login :Pass
2022-06-01 22:23:00,789 :INFO : Test Login :Pass
2022-06-01 22:23:03,522 :INFO : Test Login :Fail
2022-06-01 22:23:03,522 :INFO : Test Login :Fail
2022-06-01 22:23:03,522 :INFO : Test Login :All test cases executed successfully
2022-06-01 22:23:03,522 :INFO : Test Login :All test cases executed successfully
2022-06-01 22:23:09,951 :INFO : Test Login :********Test_001_login********
2022-06-01 22:23:09,951 :INFO : Test Login :********Test_001_login********
2022-06-01 22:23:09,951 :INFO : Test Login :*****Starting test*****
2022-06-01 22:23:09,951 :INFO : Test Login :*****Starting test*****
2022-06-01 22:23:10,859 :INFO : Test Login :********Login successful********
2022-06-01 22:23:10,859 :INFO : Test Login :********Login successful********
2022-06-01 22:23:10,859 :INFO : Test Login :********Adding to cart********
2022-06-01 22:23:10,859 :INFO : Test Login :********Adding to cart********
2022-06-02 00:00:38,087 :INFO : Test Login :*****Test_001_Login*****
2022-06-02 00:00:38,087 :INFO : Test Login :*****Test_001_Login*****
2022-06-02 00:00:38,087 :INFO : Test Login :*****Starting test*****
2022-06-02 00:00:38,087 :INFO : Test Login :*****Starting test*****
2022-06-02 00:00:38,088 :INFO : Test Login :*****Verifiying title*****
2022-06-02 00:00:38,088 :INFO : Test Login :*****Verifiying title*****
2022-06-02 00:00:39,690 :INFO : Test Login :*****Title test passed*****
2022-06-02 00:00:39,690 :INFO : Test Login :*****Title test passed*****
2022-06-02 00:00:45,326 :INFO : Test Login :********Test_001_login********
2022-06-02 00:00:45,326 :INFO : Test Login :********Test_001_login********
2022-06-02 00:00:45,326 :INFO : Test Login :*****Starting test*****
2022-06-02 00:00:45,326 :INFO : Test Login :*****Starting test*****
2022-06-02 00:00:45,327 :INFO : Test Login :*****Verifiying Log in credentials*****
2022-06-02 00:00:45,327 :INFO : Test Login :*****Verifiying Log in credentials*****
2022-06-02 00:00:46,271 :INFO : Test Login :Pass
2022-06-02 00:00:46,271 :INFO : Test Login :Pass
2022-06-02 00:00:48,982 :INFO : Test Login :Fail
2022-06-02 00:00:48,982 :INFO : Test Login :Fail
2022-06-02 00:00:49,269 :INFO : Test Login :Fail
2022-06-02 00:00:49,269 :INFO : Test Login :Fail
2022-06-02 00:00:49,606 :INFO : Test Login :Pass
2022-06-02 00:00:49,606 :INFO : Test Login :Pass
2022-06-02 00:00:57,347 :INFO : Test Login :Pass
2022-06-02 00:00:57,347 :INFO : Test Login :Pass
2022-06-02 00:01:00,082 :INFO : Test Login :Fail
2022-06-02 00:01:00,082 :INFO : Test Login :Fail
2022-06-02 00:01:00,083 :INFO : Test Login :All test cases executed successfully
2022-06-02 00:01:00,083 :INFO : Test Login :All test cases executed successfully
2022-06-02 00:01:06,607 :INFO : Test Login :********Test_001_login********
2022-06-02 00:01:06,607 :INFO : Test Login :********Test_001_login********
2022-06-02 00:01:06,608 :INFO : Test Login :*****Starting test*****
2022-06-02 00:01:06,608 :INFO : Test Login :*****Starting test*****
2022-06-02 00:01:07,517 :INFO : Test Login :********Login successful********
2022-06-02 00:01:07,517 :INFO : Test Login :********Login successful********
2022-06-02 00:01:07,518 :INFO : Test Login :********Adding to cart********
2022-06-02 00:01:07,518 :INFO : Test Login :********Adding to cart********
2022-06-02 00:06:27,073 :INFO : Test Login :*****Test_001_Login*****
2022-06-02 00:06:27,073 :INFO : Test Login :*****Test_001_Login*****
2022-06-02 00:06:27,073 :INFO : Test Login :*****Starting test*****
2022-06-02 00:06:27,073 :INFO : Test Login :*****Starting test*****
2022-06-02 00:06:27,074 :INFO : Test Login :*****Verifiying title*****
2022-06-02 00:06:27,074 :INFO : Test Login :*****Verifiying title*****
2022-06-02 00:06:28,553 :INFO : Test Login :*****Title test passed*****
2022-06-02 00:06:28,553 :INFO : Test Login :*****Title test passed*****
2022-06-02 00:06:34,206 :INFO : Test Login :********Test_001_login********
2022-06-02 00:06:34,206 :INFO : Test Login :********Test_001_login********
2022-06-02 00:06:34,206 :INFO : Test Login :*****Starting test*****
2022-06-02 00:06:34,206 :INFO : Test Login :*****Starting test*****
2022-06-02 00:06:34,206 :INFO : Test Login :*****Verifiying Log in credentials*****
2022-06-02 00:06:34,206 :INFO : Test Login :*****Verifiying Log in credentials*****
2022-06-02 00:06:35,151 :INFO : Test Login :Pass
2022-06-02 00:06:35,151 :INFO : Test Login :Pass
2022-06-02 00:06:37,860 :INFO : Test Login :Fail
2022-06-02 00:06:37,860 :INFO : Test Login :Fail
2022-06-02 00:06:38,145 :INFO : Test Login :Fail
2022-06-02 00:06:38,145 :INFO : Test Login :Fail
2022-06-02 00:06:38,483 :INFO : Test Login :Pass
2022-06-02 00:06:38,483 :INFO : Test Login :Pass
2022-06-02 00:06:46,214 :INFO : Test Login :Pass
2022-06-02 00:06:46,214 :INFO : Test Login :Pass
2022-06-02 00:06:48,944 :INFO : Test Login :Fail
2022-06-02 00:06:48,944 :INFO : Test Login :Fail
2022-06-02 00:06:48,944 :INFO : Test Login :All test cases executed successfully
2022-06-02 00:06:48,944 :INFO : Test Login :All test cases executed successfully
2022-06-02 00:06:55,322 :INFO : Test Login :********Test_001_login********
2022-06-02 00:06:55,322 :INFO : Test Login :********Test_001_login********
2022-06-02 00:06:55,323 :INFO : Test Login :*****Starting test*****
2022-06-02 00:06:55,323 :INFO : Test Login :*****Starting test*****
2022-06-02 00:06:56,199 :INFO : Test Login :********Login successful********
2022-06-02 00:06:56,199 :INFO : Test Login :********Login successful********
2022-06-02 00:06:56,200 :INFO : Test Login :********Adding to cart********
2022-06-02 00:06:56,200 :INFO : Test Login :********Adding to cart********
